4.4.2026, 18:38:36 - ERROR - Cant find the bug abc1251
4.4.2026, 18:41:04 - ERROR - Cant find the bug abc125
4.4.2026, 18:41:05 - ERROR - Cant find the bug abc125
4.4.2026, 18:41:12 - ERROR - Cant find the bug abc125
4.4.2026, 18:41:14 - ERROR - Cant find the bug abc125
4.4.2026, 18:42:07 - ERROR - Cant find bug abc1241
4.4.2026, 18:42:38 - ERROR - Cant remove bug abc1241
5.4.2026, 21:59:51 - ERROR - Cant find the bug :_id
5.4.2026, 21:59:59 - ERROR - Cant find the bug :_id
5.4.2026, 22:00:06 - ERROR - Cant find the bug :_id
5.4.2026, 22:01:16 - ERROR - Cant find the bug :_id
5.4.2026, 22:01:26 - ERROR - Cant find the bug :_id
5.4.2026, 22:01:29 - ERROR - Cant find the bug :_id
5.4.2026, 22:01:33 - ERROR - Cant find the bug :_id
5.4.2026, 22:01:35 - ERROR - Cant find the bug :_id
5.4.2026, 22:01:38 - ERROR - Cant find the bug :_id
5.4.2026, 22:02:08 - ERROR - Cant find the bug :_id
5.4.2026, 22:02:45 - ERROR - Cant find the bug :_id
5.4.2026, 22:33:39 - ERROR - Cant find the bug 9Dajmremove
24.4.2026, 11:39:55 - ERROR - not Your bug
24.4.2026, 12:35:52 - ERROR - not Your bug
24.4.2026, 12:37:35 - ERROR - not Your bug
24.4.2026, 13:34:18 - ERROR - not Your bug
24.4.2026, 13:35:13 - ERROR - not Your bug
24.4.2026, 15:43:06 - ERROR - not Your bug
24.4.2026, 16:22:31 - ERROR - Cant remove bug oLCi7
24.4.2026, 16:24:01 - ERROR - Not authorized
